<?xml version="1.0" encoding="UTF-8"?>
<!-- Generated by org.testng.reporters.JUnitReportReporter -->
<testsuite hostname="Durveshs-MacBook-Air.local" failures="0" tests="1" name="awstest.TC_Login" time="22.182" errors="0" timestamp="2022-06-29T16:58:43 IST" skipped="0">
  <testcase classname="awstest.TC_Login" name="login_Test" time="22.182"/>
  <system-out/>
</testsuite> <!-- awstest.TC_Login -->
