<?xml version="1.0" encoding="UTF-8"?>
<!-- Generated by org.testng.reporters.JUnitReportReporter -->
<testsuite hostname="Durveshs-MacBook-Air.local" failures="0" tests="1" name="awstest.AWSTest01" time="4.502" errors="0" timestamp="2022-06-29T16:12:35 IST" skipped="0">
  <testcase classname="awstest.AWSTest01" name="OpenBrowser" time="4.502"/>
  <system-out/>
</testsuite> <!-- awstest.AWSTest01 -->
